[    0.000000] Initializing cgroup subsys cpuset
[    0.00000] Initializing cgroup subsys cpu
[    0.00000] Iitializing cgroup subsys cpuacct
[    0.000000] Linux version 4.4.0-130-generic (buildd@lgw01-amd64-039) (gcc version 5.40 20160609 (buntu .4.0-6ubuntu1~16.04.9) ) #156-Ubuntu SMP Thu Jun 14 08:53:28 UTC 2018 (Ubuntu 4.4.0-130.156-generic 4.4.134)
[    0.000000] Command line: BOOT_IMAGE=/boot/vmlinuz-.4.0-13-geneic root=LABEL=cloudimg-rootfs ro console=tty1 console=ttyS0
[    0.000000] KERNE supported cpus:
[    0.000000]   Intel GenuineIntel
[    0.000000   AM AuthenticAMD
[    0.000000]   Centaur CentaurHauls
[    0.000000] x86/fpu: xstate_offset[2]:  576, xstate_sizes[2]:  256
[    0.00000] x86/fpu: Supporting XSAVE feature 0x01: 'x87 floating point registers'
[    0.000000] x86/fpu: Supporting XSAVE feature 0x02: 'SSE registers'
[    0.000000] x86/fpu: Supporting XSAVE feature 0x04: 'AVX registers'
[    0.000000] x86/fpu: Enabled xstate features 0x7, context size is 832 bytes, using 'standard' format.
[    0.000000] x86/fpu: Using 'eager' FPU context switches.
[    0.000000] e820: BIOS-provided physical RAM map:
[    0.000000] BIOS-e820: [mem 0x0000000000000000-0x000000000009fbff] usable
[    0.000000] BIOS-e820: [mem 0x000000000009fc00-0x000000000009ffff] reserved
[    0.000000] BIOS-e820: [mem 0x00000000000f0000-0x00000000000fffff] reserved
[    0.000000] BIOS-e820: [mem 00000000000100000-0x000000003ffeffff] usable
[    0.000000] BIOS-e820: [mem x000000003fff0000-0x000000003fffffff] ACPI data
[    0.000000] BIOS-e820: [mem 0x00000000fec00000-0x00000000fec00fff] reserved
[    0.000000] BIOS-e820: [mem 0x00000000fee00000-0x00000000fee00fff] reserved
[    0.000000] BIOS-e820: [mem 0x00000000fffc0000-0x00000000ffffffff] reerved
    0.000000] NX (Execute Disable) protectin: active
[    0.000000] SMBIOS 2.5 present.
[    0.000000] Hypervisor detected: KVM
[    0.000000] e82: last_pfn = x3fff0 ax_arch_pfn = 0x400000000
[    0.000000] MTRR: Disabled
[    0000000] x86/PT: MTRRs disabled, skipping PAT initialization too.
[    .000000] CPU MTRRs all blank - virtualized system.
[    0.000000] x86/PAT: Configuration [0-7]: WB  WT  UC- UC  WB  WT  UC- UC  
[    0.000000] found SMP MPP-table at [mem 0x0009fff0-0x0009ffff] mapped at [ffff88000009fff0]
[    0.000000] Scanning 1 areas for low memory corruption
[    0.000000] RAMDISK: [mem 0x36aa4000-0x37549fff]
[    0.000000] ACPI: Early table checksum verification disabled
[    0.000000] ACPI: RSDP 0x00000000000E0000 000024 (v02 VBOX  )
[    0.000000] ACPI: XSDT 0x000000003FFF0030 00003C (v01 VBOX   VBOXXSDT 00000001 ASL  00000061)
[    0.000000] ACPI: FACP 0x000000003FFF00F0 0000F4 (v04 VBOX   VBOXFACP 00000001 ASL  00000061)
[    0.000000] ACPI: DSDT 0x000000003FFF0470 0021FF (v02 VBOX   VBOXBIOS 00000002 INTL 20100528)
[    0.000000] ACPI: FACS 0x000000003FFF0200 000040
[    0.000000] ACPI: FACS 0x000000003FFF0200 000040
[    0.000000] ACPI APIC 0x00000003FFF0240 00005C (v02 VBOX   VBOXAPIC 0000001 ASL  00000061)
[    0.000000] ACI: SSDT 0x000000003FFF02A0 0001CC (v01 VBOX   VOXCPUT 00000002 INTL 20100528)
[    0.000000] No NUMA configuration found
[    0.00000] Faking a node at mem 0x0000000000000000-0x000000003ffeffff]
[    0.000000] NODE_DATA(0) allocated [mem 0x3ffeb000-0x3ffeffff]
[    0.000000] kvm-clock: Using msrs 4b564d01 and 4b564d00
[    0.000000] kvm-clock: cpu 0, msr 0:3ffe3001, primary cpu clock
[    0.000000] kvm-clock: using sched offset of 6681428387 cycles
[    0.000000] clocksource: kvm-clock: mask: 0xffffffffffffffff max_cycles: 0x1cd42e4dffb, max_idle_ns: 881590591483 ns
[    0.000000] Zone ranges:
[    0.000000]   DMA      [mem 0x0000000000001000-0x0000000000ffffff]
[    0.000000]   DMA32    [mem 0x0000000001000000-0x000000003fffff][    0.000000]   Normal   empty
[    0.000000]   Device   empty
[    0.000000]Movable zone start for each node
[    0.000000] Erly memory node ranges[    0.000000]   node   0: [mem 0x0000000000001000-0x000000000009efff]
[    0.000000]   node   0: [mem 0x000000000010000-0x000000003ffeffff]
    0.00000] Initmem setup nde 0 [mem 0x0000000000001000-0x000000003ffeffff]
[    0.000000] ACPI: M-Timer IO Prt: 0x4008
[    0.000000] IOAPIC[0]: apic_id 2, version 32, address 0xfec00000, GSI 0-23
[    0.000000] ACPI INT_SRC_OVR (bus  bus_irq 0 global_irq 2 dfl dfl)
[    0.000000] ACPI: INT_SRC_OVR (bus 0 bus_irq 9 global_irq 9 low level)
[    0.000000] Using ACPI (MADT) for SMP configuration information
[    0.000000] smpboot: Allowing 2 CPUs, 0 hotplug CPU
[    0.000000] PM: Registered nosave memory: [mem 0x00000000-0x00000fff]
[   0.000000] PM: egistered nosave memory: [mem 0x0009f000-0x0009ffff]
[    0.000000] PM: Registered nosave memory: [mem 0x000a0000-0x000effff]
[    0.000000] PM: Registered nosave memory: [mem 0x000f0000-0x000fffff]
[    0.000000] e820: [mem 0x40000000-0xfebfffff] available for PCI devices
[   0.000000] Booting paravirtualize kernel on KVM
[    0.000000] clocksource: refied-jiffies: mask: 0xffffffff max_cycles:  0xffffffff, max_idle_ns: 7645519600211568 ns
[   0.000000 setup_percpu: NR_CPUS:51 nr_cpumask_bits:512 nr_cpu_ids:2 nr_node_ids:1
[    0.000000 PERCPU: Embedded 34 pages/cpu @ffff88003fc00000 s99544 r8192 d31528 u148576
[    0.000000] PV qspilock hash table entries: 56 (orde: 0, 4096 bytes)
[    0.000000] Built 1 zonelists in Node order, mobility grouping on.  Total pages: 257912
[    0.000000] Policy zone: DMA32
[    0.000000] Kernel command line: BOOT_IMAGE=/boot/vmlinuz-4.4.0-130-generic root=LABEL=cloudimg-rootfs ro console=tty1 console=ttyS0
[    0.000000] PID hash table entries: 4096 (order: 3, 32768 bytes)
[    0.000000] Memory: 1001612K/1048120K available (8546K kernel code, 1313K rwdata, 4000K rodata, 1516K init, 1316K bss, 46508K reserved, 0K cma-reserved)
[    0.000000] SLUB: HWalign=64, Order=0-3, MinObjects=0, CPUs=2, Nodes=1
[    0.000000] Kernel/User page tables isolation: enabled
[    0.000000] Hierarchical RCU implementation.
[    0.000000] 	Build-time adjustment of leaf fanout to 64.
[    0.000000] 	RCU restricting CPUs from NR_CPUS=512 to nr_cpu_ids=2.
[    0.000000] RCU: Adjusting geometry for rcu_fanout_leaf=64, nr_cpu_ids=2
[    0.000000] NR_IRQS:33024 nr_irqs:440 16
[    0.000000] Console: colour VGA+ 80x25
[    0.000000] console [tty1] enabled
[    0.000000] console [ttyS0] enabled
[    0.000000] tsc: Detected 1599.999 MHz processor
[    1.432572] Calibrating delay loop (skipped) preset value.. 3199.99 BogoMIPS (lpj=6399996)
[    1.436098] pid_max: default: 32768 minimum: 301
[    1.437557] ACPI: Core revision 20150930
[    1.439934] ACPI: 2 ACPI AML tables successfully acquired and loaded
[    1.442068] Security Framework initialized
[    1.443391] Yama: becoming mindful.
[    1.444578] AppArmor: AppArmor initialized
[    1.454990] Dentry cache hash table entries: 131072 (order: 8, 1048576 bytes)
[    1.459941] Inode-cache hash table entries: 65536 (order: 7, 524288 bytes)
[    1.468547] Mount-cache hash table entries: 2048 (order: 2, 16384 bytes)
[    1.475565] Mountpoint-cache hash table entries: 2048 (order: 2, 16384 bytes)
[    1.478824] Initializing cgroup subsys io
[    1.480800] Initializing cgroup subsys memory
[    1.483066] Initializing cgroup subsys devices
[    1.485062] Initializing cgroup subsys freezer
[    1.487147] Initializing cgroup subsys net_cls
[    1.488826] Initializing cgroup subsys perf_event
[    1.490522] Initializing cgroup subsys net_prio
[    1.492405] Initializing cgroup subsys hugetlb
[    1.494449] Initializing cgroup subsys pids
[    1.496495] CPU: Physical Processor ID: 0
[    1.498563] CPU: Processor Core ID: 0
[    1.501945] mce: CPU supports 0 MCE banks
[    1.507333] Last level iTLB entries: 4KB 64, 2MB 8, 4MB 8
[    1.511678] Last level dTLB entries: 4KB 64, 2MB 0, 4MB 0, 1GB 4
[    1.527944] Spectre V2 : Mitigation: Full generic retpoline
[    1.532006] Spectre V2 : Speculation control IBPB not-supported IBRS not-supported
[    1.546247] Speculative Store Bypass: Vulnerable
[    1.556487] Freeing SMP alternatives memory: 32K
[    1.594047] ftrace: allocating 32245 entries in 126 pages
[    1.668689] smpboot: APIC(0) Converting physical 0 to logical package 0
[    1.672637] smpboot: Max logical packages: 1
[    1.679318] x2apic enabled
[    1.690712] Switched APIC routing to physical x2apic.
[    1.701529] ..TIMER: vector=0x30 apic1=0 pin1=2 apic2=-1 pin2=-1
[    1.813794] smpboot: CPU0: Intel(R) Core(TM) i5-5250U CPU @ 1.60GHz (family: 0x6, model: 0x3d, stepping: 0x4)
[    1.823529] Performance Events: unsupported p6 CPU model 61 no PMU driver, software events only.
[    1.833519] KVM setup paravirtual spinlock
[    1.844723] x86: Booting SMP configuration:
[    1.847942] .... node  #0, CPUs:      #1
[    1.849962] kvm-clock: cpu 1, msr 0:3ffe3041, secondary cpu clock
[    1.853354] mce: CPU supports 0 MCE banks
[    1.856912] x86: Booted up 1 node, 2 CPUs
[    1.864187] smpboot: Total of 2 processors activated (6399.99 BogoMIPS)
[    1.872473] devtmpfs: initialized
[    1.875380] evm: security.selinux
[    1.877946] evm: security.SMACK64
[    1.879511] evm: security.SMACK64EXEC
[    1.881236] evm: security.SMACK64TRANSMUTE
[    1.888738] evm: security.SMACK64MMAP
[    1.898460] evm: security.ima
[    1.899958] evm: security.capability
[    1.903225] clocksource: jiffies: mask: 0xffffffff max_cycles: 0xffffffff, max_idle_ns: 7645041785100000 ns
[    1.907453] futex hash table entries: 512 (order: 3, 32768 bytes)
[    1.910282] pinctrl core: initialized pinctrl subsystem
[    1.923872] RTC time:  0:30:58, date: 07/24/18
[    1.926207] NET: Registered protocol family 16
[    1.946009] cpuidle: using governor ladder
[    1.958225] cpuidle: using governor menu
[    1.960031] PCCT header not found.
[    1.963042] ACPI: bus type PCI registered
[    1.964976] acpiphp: ACPI Hot Plug PCI Controller Driver version: 0.5
[    1.968110] PCI: Using configuration type 1 for base access
[    1.983143] ACPI: Added _OSI(Module Device)
[    1.985155] ACPI: Added _OSI(Processor Device)
[    1.987183] ACPI: Added _OSI(3.0 _SCP Extensions)
[    1.989278] ACPI: Added _OSI(Processor Aggregator Device)
[    1.992859] ACPI: Executed 1 blocks of module-level executable AML code
[    1.998506] ACPI: Interpreter enabled
[    2.000235] ACPI: (supports S0 S5)
[    2.001876] ACPI: Using IOAPIC for interrupt routing
[    2.010110] PCI: Using host bridge windows from ACPI; if necessary, use "pci=nocrs" and report a bug
[    2.020658] ACPI: PCI Root Bridge [PCI0] (domain 0000 [bus 00-ff])
[    2.023457] acpi PNP0A03:00: _OSC: OS supports [ASPM ClockPM Segments MSI]
[    2.026382] acpi PNP0A03:00: _OSC: not requesting OS control; OS requires [ExtendedConfig ASPM ClockPM MSI]
[    2.030699] acpi PNP0A03:00: fail to add MMCONFIG information, can't access extended PCI configuration space under this bridge.
[    2.041357] PCI host bridge to bus 0000:00
[    2.047966] pci_bus 0000:00: root bus resource [io  0x0000-0x0cf7 window]
[    2.052242] pci_bus 0000:00: root bus resource [io  0x0d00-0xffff window]
[    2.057304] pci_bus 0000:00: root bus resource [mem 0x000a0000-0x000bffff window]
[    2.064304] pci_bus 0000:00: root bus resource [mem 0x40000000-0xfdffffff window]
[    2.069283] pci_bus 0000:00: root bus resource [bus 00-ff]
[    2.075039] pci 0000:00:01.1: legacy IDE quirk: reg 0x10: [io  0x01f0-0x01f7]
[    2.082482] pci 0000:00:01.1: legacy IDE quirk: reg 0x14: [io  0x03f6]
[    2.094635] pci 0000:00:01.1: legacy IDE quirk: reg 0x18: [io  0x0170-0x0177]
[    2.118598] pci 0000:00:01.1: legacy IDE quirk: reg 0x1c: [io  0x0376]
[    2.147148] pci 0000:00:07.0: quirk: [io  0x4000-0x403f] claimed by PIIX4 ACPI
[    2.157586] pci 0000:00:07.0: quirk: [io  0x4100-0x410f] claimed by PIIX4 SMB
[    2.191229] ACPI: PCI Interrupt Link [LNKA] (IRQs 5 9 10 *11)
[    2.197267] ACPI: PCI Interrupt Link [LNKB] (IRQs 5 9 *10 11)
[    2.200675] ACPI: PCI Interrupt Link [LNKC] (IRQs 5 *9 10 11)
[    2.205385] ACPI: PCI Interrupt Link [LNKD] (IRQs 5 9 10 *11)
[    2.208695] ACPI: Enabled 2 GPEs in block 00 to 07
[    2.211435] vgaarb: setting as boot device: PCI:0000:00:02.0
[    2.214043] vgaarb: device added: PCI:0000:00:02.0,decodes=io+mem,owns=io+mem,locks=none
[    2.219174] vgaarb: loaded
[    2.222014] vgaarb: bridge control possible 0000:00:02.0
[    2.224423] SCSI subsystem initialized
[    2.238392] ACPI: bus type USB registered
[    2.248386] usbcore: registered new interface driver usbfs
[    2.255200] usbcore: registered new interface driver hub
[    2.257316] usbcore: registered new device driver usb
[    2.262155] PCI: Using ACPI for IRQ routing
[    2.264643] NetLabel: Initializing
[    2.270189] NetLabel:  domain hash size = 128
[    2.277670] NetLabel:  protocols = UNLABELED CIPSOv4
[    2.283698] NetLabel:  unlabeled traffic allowed by default
[    2.286528] amd_nb: Cannot enumerate AMD northbridges
[    2.288917] clocksource: Switched to clocksource kvm-clock
[    2.302541] AppArmor: AppArmor Filesystem Enabled
[    2.304479] pnp: PnP ACPI init
[    2.313205] pnp: PnP API: found 3 devices

[    2.35555] clcksource: acpi_pm: mask: 0xfffff max_cycles: 0xffffff, max_idle_ns: 2085701024 ns
[    2.435636] ET: Registered protocol faily 2

[    2.488863] TCP established hash table entries: 8192 (order: 4, 65536 bytes)
[    2.491535] TCP bind hash table entries: 8192 (order: 5, 131072 ytes)
    2.520312] TCP: Hash tables configured (establised 8192 bind 8192)
[    2.574864] UDP hash table entries: 512 (order: 2, 16384 bytes)
[    2.577089] UDP-Lite hash table entries: 512 (order: 2, 16384 bytes)
[    2.579557] NET: Registered protocol family 1
[    2.581178] pci 0000:00:00.0: Limiting direct PCI/PCI transfers
[    2.583035] pci 0000:00:01.0: Activating ISA DMA hang workarounds
[    2.585316] Unpacking initras...

[    4.817096] Freeing initrd memory: 10904K
[    4.819634] RAPL PMU detected, API unit is 2^-32 Joules, 4 fixed counters 10737418240 ms ovfl timer
[    4.828822] hw unit of domain pp0-core 2^-0 Joules
[    4.849821] hw unit of domain package 2^-0 Joules
[    4.854406] hw unit of domain dram 2^-0 Joules
[    4.864580] hw unit of domain pp1-gpu 2^-0 Joules
[    4.877350] platform rtc_cmos: registered platform RTC device (no PNP device found)
[    4.881968] Scanning for low memory corruption every 60 seconds
[    4.886577] audit: initializing netlink subsys (disabled)
[    4.892092] audit: type=2000 audit(1532392268.134:1): initialized
[    4.904133] Initialise system trusted keyring
[    4.919872] HugeTLB registered 2 MB page size, pre-allocated 0 pages
[    4.934747] zbud: loaded
[    4.938324] VFS: Disk quotas dquot_6.6.0
[    4.944328] VFS: Dquot-cache hash table entries: 512 (order 0, 4096 bytes)
[    4.955507] squashfs: version 4.0 (2009/01/31) Phillip Lougher
[    4.960116] fuse init (API version 7.23)
[    4.972452] Key type big_key registered
[    4.974648] Allocating IMA MOK and blacklist keyrings.
[    4.980327] Key type asymmetric registered
[    4.982683] Asymmetric key parser 'x509' registered
[    4.985408] Block layer SCSI generic (bsg) driver version 0.4 loaded (major 249)
[    5.006365] io scheduler noop registered
[    5.025281] io scheduler deadline registered (default)
[    5.038586] io scheduler cfq registered
[    5.097311] pci_hotplug: PCI Hot Plug PCI Core version: 0.5
[    5.108105] pciehp: PCI Express Hot Plug Controller Driver version: 0.4
[    5.112969] ACPI: AC Adapter [AC] (off-line)
[    5.123415] input: Power Button as /devices/LNXSYSTM:00/LNXPWRBN:00/input/input0
[    5.135459] ACPI: Power Button [PWRF]
[    5.138819] input: Sleep Button as /devices/LNXSYSTM:00/LNXSLPBN:00/input/input1
[    5.143763] ACPI: Sleep Button [SLPF]
[    5.153638] GHES: HEST is not enabled!
[    5.155300] ACPI: Battery Slot [BAT0] (battery present)
[    5.168489] Serial: 8250/16550 driver, 32 ports, IRQ sharing enabled
[    5.200580] 00:02: ttyS0 at I/O 0x3f8 (irq = 4, base_baud = 115200) is a 16550A
[    5.213479] Linux agpgart interface v0.103
[    5.217883] loop: module loaded
[    5.220957] scsi host0: ata_piix
[    5.223082] scsi host1: ata_piix
[    5.224923] ata1: PATA max UDMA/33 cmd 0x1f0 ctl 0x3f6 bmdma 0xd000 irq 14
[    5.227976] ata2: PATA max UDMA/33 cmd 0x170 ctl 0x376 bmdma 0xd008 irq 15
[    5.231557] libphy: Fixed MDIO Bus: probed
[    5.243355] tun: Universal TUN/TAP device driver, 1.6
[    5.256020] tun: (C) 1999-2004 Max Krasnyansky <maxk@qualcomm.com>
[    5.258707] PPP generic driver version 2.4.2
[    5.260758] ehci_hcd: USB 2.0 'Enhanced' Host Controller (EHCI) Driver
[    5.263791] ehci-pci: EHCI PCI platform driver
[    5.274643] ehci-platform: EHCI generic platform driver
[    5.281401] ohci_hcd: USB 1.1 'Open' Host Controller (OHCI) Driver
[    5.285758] ohci-pci: OHCI PCI platform driver
[    5.291744] ohci-platform: OHCI generic platform driver
[    5.300883] uhci_hcd: USB Universal Host Controller Interface driver
[    5.303925] i8042: PNP: PS/2 Controller [PNP0303:PS2K,PNP0f03:PS2M] at 0x60,0x64 irq 1,12
[    5.308366] serio: i8042 KBD port at 0x60,0x64 irq 1
[    5.321908] serio: i8042 AUX port at 0x60,0x64 irq 12
[    5.324926] mousedev: PS/2 mouse device common for all mice
[    5.335377] rtc_cmos rtc_cmos: rtc core: registered rtc_cmos as rtc0
[    5.345392] input: AT Translated Set 2 keyboard as /devices/platform/i8042/serio0/input/input2
[    5.350392] rtc_cmos rtc_cmos: alarms up to one day, 114 bytes nvram
[    5.363542] i2c /dev entries driver
[    5.372051] device-mapper: uevent: version 1.0.3
[    5.374384] device-mapper: ioctl: 4.34.0-ioctl (2015-10-28) initialised: dm-devel@redhat.com
[    5.393016] ledtrig-cpu: registered to indicate activity on CPUs
[    5.396765] NET: Registered protocol family 10
[    5.435451] NET: Registered protocol family 17
[    5.462546] Key type dns_resolver registered
[    5.464747] registered taskstats version 1
[    5.512154] Loading compiled-in X.509 certificates
[    5.532906] Loaded X.509 cert 'Build time autogenerated kernel key: b3e0fe4bcd6378c38a2c0a4648abbc1fa5043a22'
[    5.586090] zswap: loaded using pool lzo/zbud
[    5.594254] Key type trusted registered
[    5.600875] Key type encrypted registered
[    5.604330] AppArmor: AppArmor sha1 policy hashing enabled
[    5.635156] ima: No TPM chip found, activating TPM-bypass!
[    5.643029] ima: Allocated hash algorithm: sha1
[    5.653059] evm: HMAC attrs: 0x1
[    5.662210]   Magic number: 10:284:507
[    5.667241] rtc_cmos rtc_cmos: setting system clock to 2018-07-24 00:31:02 UTC (1532392262)
[    5.677033] BIOS EDD facility v0.16 2004-Jun-25, 0 devices found
[    5.691907] EDD information not available.
[    5.705266] Freeing unused kernel memory: 1516K
[    5.741271] Write protecting the kernel read-only data: 14336k
[    5.745851] Freeing unused kernel memory: 1680K
[    5.754946] Freeing unused kernel memory: 96K
Loading, please wait...
starting version 229
[    5.781597] random: systemd-udevd: uninitialized urandom read (16 bytes read, 5 bits of entropy available)
[    5.782551] random: udevadm: uninitialized urandom read (16 bytes read, 5 bits of entropy available)
[    5.782593] random: udevadm: uninitialized urandom read (16 bytes read, 5 bits of entropy available)
[    5.795118] random: udevadm: uninitialized urandom read (16 bytes read, 5 bits of entropy available)
[    5.795193] random: udevadm: uninitialized urandom read (16 bytes read, 5 bits of entropy available)
[    5.795431] random: udevadm: uninitialized urandom read (16 bytes read, 5 bits of entropy available)
[    5.795521] random: udevadm: uninitialized urandom read (16 bytes read, 5 bits of entropy available)
[    5.795607] random: udevadm: uninitialized urandom read (16 bytes read, 5 bits of entropy available)
[    5.795693] random: udevadm: uninitialized urandom read (16 bytes read, 5 bits of entropy available)
[    5.795783] random: udevadm: uninitialized urandom read (16 bytes read, 5 bits of entropy available)
[    5.920464] tsc: Refined TSC clocksource calibration: 1600.944 MHz
[    5.928660] clocksource: tsc: mask: 0xffffffffffffffff max_cycles: 0x1713a0bb289, max_idle_ns: 440795242149 ns
[    5.981049] e1000: Intel(R) PRO/1000 Network Driver - version 7.3.21-k8-NAPI
[    6.002975] e1000: Copyright (c) 1999-2006 Intel Corporation.
[    6.008906] Fusion MPT base driver 3.04.20
[    6.022199] Copyright (c) 1999-2008 LSI Corporation
[    6.039128] Fusion MPT SPI Host driver 3.04.20
[    6.051197] AVX2 version of gcm_enc/dec engaged.
[    6.069568] AES CTR mode by8 optimization enabled
[    6.255788] input: ImExPS/2 Generic Explorer Mouse as /devices/platform/i8042/serio1/input/input4
[    6.528771] e1000 0000:00:03.0 eth0: (PCI:33MHz:32-bit) 02:c5:fa:e6:4f:6d
[    6.531570] e1000 0000:00:03.0 eth0: Intel(R) PRO/1000 Network Connection
[    6.982506] e1000 0000:00:08.0 eth1: (PCI:33MHz:32-bit) 08:00:27:9e:1a:e5
[    6.985181] e1000 0000:00:08.0 eth1: Intel(R) PRO/1000 Network Connection
[    7.001471] e1000 0000:00:08.0 enp0s8: renamed from eth1
[    7.014362] mptbase: ioc0: Initiating bringup
[    7.025997] e1000 0000:00:03.0 enp0s3: renamed from eth0
[    7.091619] ioc0: LSI53C1030 A0: Capabilities={Initiator}
[    7.602074] scsi host2: ioc0: LSI53C1030 A0, FwRev=00000000h, Ports=1, MaxQ=256, IRQ=20
[    7.762229] scsi 2:0:0:0: Direct-Access     VBOX     HARDDISK         1.0  PQ: 0 ANSI: 5
[    7.779200] scsi target2:0:0: Beginning Domain Validation
[    7.785743] scsi target2:0:0: Domain Validation skipping write tests
[    7.791639] scsi target2:0:0: Ending Domain Validation
[    7.967300] scsi target2:0:0: asynchronous
[    8.038272] scsi 2:0:1:0: Direct-Access     VBOX     HARDDISK         1.0  PQ: 0 ANSI: 5
[    9.312627] scsi target2:0:1: Beginning Domain Validation
[    9.994907] scsi target2:0:1: Domain Validation skipping write tests
[    9.997172] scsi target2:0:1: Ending Domain Validation
[    9.999088] scsi target2:0:1: asynchronous
[   10.319925] sd 2:0:0:0: Attached scsi generic sg0 type 0
[   10.322314] sd 2:0:0:0: [sda] 20971520 512-byte logical blocks: (10.7 GB/10.0 GiB)
[   10.322819] sd 2:0:1:0: [sdb] 20480 512-byte logical blocks: (10.5 MB/10.0 MiB)
[   10.323050] sd 2:0:1:0: [sdb] Write Protect is off
[   10.323205] sd 2:0:1:0: [sdb] Incomplete mode parameter data
[   10.323206] sd 2:0:1:0: [sdb] Assuming drive cache: write through
[   10.324237] sd 2:0:1:0: Attached scsi generic sg1 type 0
[   10.325343] sd 2:0:1:0: [sdb] Attached SCSI disk
[   10.435033] sd 2:0:0:0: [sda] Write Protect is off
[   10.438072] sd 2:0:0:0: [sda] Incomplete mode parameter data
[   10.442317] sd 2:0:0:0: [sda] Assuming drive cache: write through
[   10.449292]  sda: sda1
[   10.452845] sd 2:0:0:0: [sda] Attached SCSI disk
Begin: Loading essential drivers ... [   11.940768] md: linear personality registered for level -1
[   11.952612] md: multipath personality registered for level -4
[   11.970080] md: raid0 personality registered for level 0
[   11.990463] md: raid1 personality registered for level 1
[   12.077467] raid6: sse2x1   gen()  7430 MB/s
[   12.149021] raid6: sse2x1   xor()  5590 MB/s
[   12.221030] raid6: sse2x2   gen()  9673 MB/s
[   12.293015] raid6: sse2x2   xor()  6554 MB/s
[   12.369368] raid6: sse2x4   gen() 11115 MB/s
[   12.441147] raid6: sse2x4   xor()  7917 MB/s
[   12.509075] raid6: avx2x1   gen() 15285 MB/s
[   12.581168] raid6: avx2x2   gen() 17787 MB/s
[   12.661009] raid6: avx2x4   gen() 19455 MB/s
[   12.667148] raid6: using algorithm avx2x4 gen() 19455 MB/s
[   12.671737] raid6: using avx2x2 recovery algorithm
[   12.683145] xor: automatically using best checksumming function:
[   12.729197]    avx       : 24105.000 MB/sec
[   12.738907] async_tx: api initialized (async)
[   12.750840] md: raid6 personality registered for level 6
[   12.753717] md: raid5 personality registered for level 5
[   12.756080] md: raid4 personality registered for level 4
[   12.764298] md: raid10 personality registered for level 10
done.
Begin: Running /scripts/init-premount ... done.
Begin: Mounting root file system ... Begin: Running /scripts/local-top ... done.
Begin: Running /scripts/local-premount ... [   12.817780] Btrfs loaded
Scanning for Btrfs filesystems
done.
Warning: fsck not present, so skipping root file system
[   12.906783] EXT4-fs (sda1): mounted filesystem with ordered data mode. Opts: (null)
done.
Begin: Running /scripts/local-bottom ... done.
Begin: Running /scripts/init-bottom ... done.
[   13.328624] systemd[1]: systemd 229 running in system mode. (+PAM +AUDIT +SELINUX +IMA +APPARMOR +SMACK +SYSVINIT +UTMP +LIBCRYPTSETUP +GCRYPT +GNUTLS +ACL +XZ -LZ4 +SECCOMP +BLKID +ELFUTILS +KMOD -IDN)
[   13.363134] systemd[1]: Detected virtualization oracle.
[   13.366572] systemd[1]: Detected architecture x86-64.

Welcome to [1mUbuntu 16.04.4 LTS[0m!

[   13.390657] systemd[1]: Set hostname to <ubuntu>.
[   13.413104] systemd[1]: Initializing machine ID from random generator.
[   13.416068] systemd[1]: Installed transient /etc/machine-id file.
[   14.136282] systemd[1]: Listening on Syslog Socket.
[[0;32m  OK  [0m] Listening on Syslog Socket.
[   14.145407] systemd[1]: Listening on Journal Audit Socket.
[[0;32m  OK  [0m] Listening on Journal Audit Socket.
[   14.164930] systemd[1]: Started Trigger resolvconf update for networkd DNS.
[[0;32m  OK  [0m] Started Trigger resolvconf update for networkd DNS.
[   14.171500] systemd[1]: Reached target User and Group Name Lookups.
[[0;32m  OK  [0m] Reached target User and Group Name Lookups.
[   14.177478] systemd[1]: Listening on Journal Socket.
[[0;32m  OK  [0m] Listening on Journal Socket.
[   14.182391] systemd[1]: Listening on Device-mapper event daemon FIFOs.
[[0;32m  OK  [0m] Listening on Device-mapper event daemon FIFOs.
[   14.188216] systemd[1]: Set up automount Arbitrary Executable File Formats File System Automount Point.
[[0;32m  OK  [0m] Set up automount Arbitrary Executab...ats File System Automount Point.
[   14.210469] systemd[1]: Started Forward Password Requests to Wall Directory Watch.
[[0;32m  OK  [0m] Started Forward Password Requests to Wall Directory Watch.
[   14.234595] systemd[1]: Created slice User and Session Slice.
[[0;32m  OK  [0m] Created slice User and Session Slice.
[   14.263173] systemd[1]: Listening on /dev/initctl Compatibility Named Pipe.
[[0;32m  OK  [0m] Listening on /dev/initctl Compatibility Named Pipe.
[   14.298553] systemd[1]: Listening on udev Control Socket.
[[0;32m  OK  [0m] Listening on udev Control Socket.
[   14.303614] systemd[1]: Reached target Swap.
[[0;32m  OK  [0m] Reached target Swap.
[   14.314770] systemd[1]: Listening on udev Kernel Socket.
[[0;32m  OK  [0m] Listening on udev Kernel Socket.
[   14.323936] systemd[1]: Listening on LVM2 poll daemon socket.
[[0;32m  OK  [0m] Listening on LVM2 poll daemon socket.
[   14.339882] systemd[1]: Reached target Encrypted Volumes.
[[0;32m  OK  [0m] Reached target Encrypted Volumes.
[   14.373984] systemd[1]: Listening on LVM2 metadata daemon socket.
[[0;32m  OK  [0m] Listening on LVM2 metadata daemon socket.
[   14.398746] systemd[1]: Created slice System Slice.
[[0;32m  OK  [0m] Created slice System Slice.
[   14.425774] systemd[1]: Starting Monitoring of LVM2 mirrors, snapshots etc. using dmeventd or progress polling...
         Starting Monitoring of LVM2 mirrors... dmeventd or progress polling...
[   14.455474] systemd[1]: Mounting POSIX Message Queue File System...
         Mounting POSIX Message Queue File System...
[   14.462234] systemd[1]: Starting Uncomplicated firewall...
         Starting Uncomplicated firewall...
[   14.483694] systemd[1]: Created slice system-serial\x2dgetty.slice.
[[0;32m  OK  [0m] Created slice system-serial\x2dgetty.slice.
[   14.494648] systemd[1]: Reached target Slices.
[[0;32m  OK  [0m] Reached target Slices.
[   14.509314] systemd[1]: Starting Set console keymap...
         Starting Set console keymap...
[   14.569133] systemd[1]: Mounting Debug File System...
         Mounting Debug File System...
[   14.637470] systemd[1]: Mounting Huge Pages File System...
         Mounting Huge Pages File System...
[   14.673663] systemd[1]: Starting Remount Root and Kernel File Systems...
[   14.681898] EXT4-fs (sda1): re-mounted. Opts: (null)
         Starting Remount Root and Kernel File Systems...
[   14.719155] systemd[1]: Starting Nameserver information manager...
         Starting Nameserver information manager...
[   14.731928] systemd[1]: Starting Create list of required static device nodes for the current kernel...
         Startin[   14.746011] random: nonblocking pool is initialized
g Create list of required st... nodes for the current kernel...
[   14.800370] systemd[1]: Reached target System Time Synchronized.
[[0;32m  OK  [0m] Reached target System Time Synchronized.
[   14.828288] systemd[1]: Listening on Journal Socket (/dev/log).
[[0;32m  OK  [0m] Listening on Journal Socket (/dev/log).
[   14.873254] systemd[1]: Starting Load Kernel Modules...
         Starting Load Kernel Modules...
[   14.886801] systemd[1]: Starting Journal Service...
         Startin[   14.894863] Loading iSCSI transport class v2.0-870.
g Journal Service...
[   14.925255] iscsi: registered transport (tcp)
[   14.934895] systemd[1]: Mounted POSIX Message Queue File System.
[[0;32m  OK  [0m] Mounted POSIX Message Queue File System.
[   14.943411] systemd[1]: Mounted Huge Pages File System.
[[0;32m  OK  [0m] Mounted Huge Pages File System.
[   14.957413] systemd[1]: Mounted Debug File System.
[[0;32m  OK  [0m] Mounted Debug File System.
[   14.977675] systemd[1]: Started Journal Service.
[[0;32m  OK  [0m] Started Journal Service.
[[0;32m  OK  [[   15.006938] iscsi: registered transport (iser)
0m] Started Uncomplicated firewall.
[[0;32m  OK  [0m] Started Set console keymap.
[[0;32m  OK  [0m] Started Remount Root and Kernel File Systems.
[[0;32m  OK  [0m] Started Create list of required sta...ce nodes for the current kernel.
[[0;32m  OK  [0m] Started Load Kernel Modules.
[[0;32m  OK  [0m] Started Nameserver information manager.
[[0;32m  OK  [0m] Started LVM2 metadata daemon.
         Mounting FUSE Control File System...
         Starting Apply Kernel Variables...
         Starting Create Static Device Nodes in /dev...
         Starting Load/Save Random Seed...
         Starting udev Coldplug all Devices...
         Starting Flush Journal to Persistent Storage...
[[0;32m  OK  [0m] Mounted FUSE Control File System.
[[0;32m  OK  [0m] Started Apply Kernel Variables.
[[0;32m  OK  [0m] Started Load/Save Random Seed.
[[0;32m  OK  [0m] Started Flush Journal to Persistent Storage.
[[0;32m  OK  [0m] Started Create Static Device Nodes in /dev.
[[0;32m  OK  [0m] Started udev Coldplug all Devices.
         Starting udev Kernel Device Manager...
[[0;32m  OK  [0m] Started Monitoring of LVM2 mirrors,...ng dmeventd or progress polling.
[[0;32m  OK  [0m] Started udev Kernel Device Manager.
[[0;32m  OK  [0m] Reached target Local File Systems (Pre).
[[0;32m  OK  [0m] Reached target Local File Systems.
         Starting Create Volatile Files and Directories...
         Starting LSB: AppArmor initialization...
         Starting Tell Plymouth To Write Out Runtime Data...
         Starting Initial cloud-init job (pre-networking)...
         Starting Set console font and keymap...
         Starting Commit a transient machine-id on disk...
[[0;32m  OK  [0m] Started Dispatch Password Requests to Console Directory Watch.
[[0;32m  OK  [0m] Started Create Volatile Files and Directories.
[[0;32m  OK  [0m] Started Tell Plymouth To Write Out Runtime Data.
         Starting Update UTMP about System Boot/Shutdown...
[[0;32m  OK  [0m] Started Commit a transient machine-id on disk.
[[0;32m  OK  [0m] Started Update UTMP about System Boot/Shutdown.
[[0;32m  OK  [0m] Found device /dev/ttyS0.
[[0;32m  OK  [0m] Listening on Load/Save RF Kill Switch Status /dev/rfkill Watch.
[[0;32m  OK  [0m] Started Set console font and keymap.
[[0;32m  OK  [0m] Started LSB: AppArmor initialization.
[[0;32m  OK  [0m] Created slice system-getty.slice.
[   16.119794] cloud-init[489]: Cloud-init v. 18.2 running 'init-local' at Tue, 24 Jul 2018 00:31:14 +0000. Up 15.55 seconds.
[[0;32m  OK  [0m] Started Initial cloud-init job (pre-networking).
[[0;32m  OK  [0m] Reached target Network (Pre).
         Starting Raise network interfaces...
[[0;32m  OK  [0m] Started Raise network interfaces.
[[0;32m  OK  [0m] Reached target Network.
         Starting Initial cloud-init job (metadata service crawler)...
[   17.825815] cloud-init[975]: Cloud-init v. 18.2 running 'init' at Tue, 24 Jul 2018 00:31:15 +0000. Up 16.93 seconds.
[   17.837595] cloud-init[975]: ci-info: ++++++++++++++++++++++++++++++++++++++Net device info++++++++++++++++++++++++++++++++++++++
[   17.872968] cloud-init[975]: ci-info: +--------+-------+----------------------------+---------------+-------+-------------------+
[   17.888961] cloud-init[975]: ci-info: | Device |   Up  |          Address           |      Mask     | Scope |     Hw-Address    |
[   17.901964] cloud-init[975]: ci-info: +--------+-------+----------------------------+---------------+-------+-------------------+
[   17.928410] [[0;32m  OK  [0m] Started Initial cloud-init job (metadata service crawler).
[[0;32m  OK  [0m] Reached target Cloud-config availability.
[[0;32m  OK  [0m] Reached target Network is Online.
cloud-init[975]: ci-info: | enp0s3 |  True |         10.0.2.15          | 255.255.255.0 |   .   | 02:c5:fa:e6:4f:6d |
[   17.997317]          Starting iSCSI initiator daemon (iscsid)...
[[0;32m  OK  [0m] Reached target System Initialization.
[cloud-init[0;32m  OK  [0m[975]: ] ci-info: | enp0s3 |  True | fe80::c5:faff:fee6:4f6d/64 |       .       |  link | 02:c5:fa:e6:4f:6d |Listening on ACPID Listen Socket.

[   18.089748]          Starting LXD - unix socket.
cloud-init[975]: ci-info: | enp0s8 | False |             .              |       .       |   .   | 08:00:27:9e:1a:e5 |
[[0;32m  OK  [0m] Started Daily Cleanup of Temporary Directories.
[   18.092699] cloud-init[975]: ci-info: |   lo   |  True |         127.0.0.1          |   255.0.0.0   |   .   |         .         |
[   18.193313] [[0;32m  OK  [0m] Started ACPI Events Check.
[[0;32m  OK  [0m] Reached target Paths.
cloud-init[975]: ci-info: |   lo   |  True |          ::1/128           |       .       |  host |         .         |
[   18.228736] [[0;32m  OK  [0m] Listening on UUID daemon activation socket.
[cloud-init[975]: ci-info: +--------+-------+----------------------------+---------------+-------+-------------------+
[0;32m  OK  [0m] Started Daily apt download activities.
         Starting Socket activation for snappy daemon.
[[0;32m  OK  [0m] Listening on D-Bus System Message Bus Socket.
[[0;32m  OK  [0m] Started Daily apt upgrade and clean activities.
[[0;32m  OK  [0m] Reached target Timers.
[   18.233179] cloud-init[975]: ci-info: +++++++++++++++++++++++++++Route IPv4 info++++++++++++++++++++++++++++
[   18.282070] [[0;32m  OK  [0m] Listening on LXD - unix socket.
[[0;32m  OK  [0m] Listening on Socket activation for snappy daemon.
cloud-init[975]: ci-info: +-------+-------------+----------+---------------+-----------+-------+
[   18.292286] cloud-init[975]: ci-info: | Route | Destination | Gateway  |    Genmask    | Interface | Flags |
[   18.317085] cloud-init[975]: ci-info: +-------+-------------+----------+---------------+-----------+-------+
[[0;32m  OK  [0m] Reached target Sockets.
[[0;32m  OK  [0m] Reached target Basic System.
[   18.336356] cloud-init[975]: ci-info: |   0   |   0.0.0.0   | 10.0.2.2 |    0.0.0.0    |   enp0s3  |   UG  |
         Starting LSB: Record successful boot for GRUB...
[   18.408552] cloud-init[975]: ci-info: |   1   |   10.0.2.0  | 0.0.0.0  | 255.255.255.0 |   enp0s3  |   U   |
[[0;32m  OK  [0m] Started ACPI event daemon.
[   18.472561] cloud-init[975]: ci-info: +-------+-------------+----------+---------------+-----------+-------+
[   18.513688]          Starting Login Service...
         Starting Apply the settings specified in cloud-config...
[[0;32m  OK  [0m] Started Deferred execution scheduler.
[[0;32m  OK  [0m] Started Unattended Upgrades Shutdown.
cloud-init[975]: Generating public/private rsa key pair.
[   18.555286] [[0;32m  OK  [0m] Started FUSE filesystem for LXC.
         Starting System Logging Service...
         Starting /etc/rc.local Compatibility...
[[0;32m  OK  [0m] Started D-Bus System Message Bus.
cloud-init[975]: Your identification has been saved in /etc/ssh/ssh_host_rsa_key.
[   18.575310] cloud-init[975]: Your public key has been saved in /etc/ssh/ssh_host_rsa_key.pub.
[   18.602047] cloud-init[975]: The key fingerprint is:
[   18.616457] cloud-init[975]: SHA256:1ebza/GVkeksev4pHbp16pHCHZDai1vEg7/DmR64vNE root@ubuntu-xenial
[   18.623202] cloud-init[975]: The key's randomart image is:
[   18.632494] cloud-init[975]: +---[RSA 2048]----+
[   18.635185] cloud-init[975]: |                 |
[   18.645064] cloud-init[975]: |           . .   |
[   18.653277] cloud-init[975]: |          . =   o|
[   18.656864] cloud-init[975]: |         . B . + |
[   18.659712] cloud-init[975]: |        S o B + o|
[   18.665020] cloud-init[975]: |           B B.B.|
[   18.667852] cloud-init[975]: |          +.EoO++|
[   18.675630] cloud-init[975]: |         . *=Bo=+|
[   18.678976] cloud-init[975]: |          =o=*Bo |
[   18.685854] cloud-init[975]: +----[SHA256]-----+
[   18.689755] cloud-init[975]: Generating public/private dsa key pair.
[   18.694734] cloud-init[975]: Your identification has been saved in /etc/ssh/ssh_host_dsa_key.
[   18.700150] cloud-init[975]: Your public key has been saved in /etc/ssh/ssh_host_dsa_key.pub.         Starting LSB: MD monitoring daemon...
         Starting Virtualbox guest utils...

         Starting Snappy daemon...
[   18.722204] cloud-init[975]: The key fingerprint is:
[   18.748610] [[0;32m  OK  [0m] Started Regular background program processing daemon.
cloud-init[975]: SHA256:4SCHz7PFLYTm2YivL+RLhBEomcV73+J/FZO2YJ1Siig root@ubuntu-xenial
[   18.758557]          Starting Pollinate to seed the pseudo random number generator...
cloud-init[975]: The key's randomart image is:
         Starting Accounts Service...
[   18.788520] cloud-init[975]: +---[DSA 1024]----+
         Starting LXD - container startup/shutdown...
[   18.811416] cloud-init[975]: | *o              |
[   18.823801] cloud-init[975]: |= .. . .    .    |
[[0;32m  OK  [0m] Started System Logging Service.
[[0;32m  OK  [0m] Started iSCSI initiator daemon (iscsid).
[[0;32m  OK  [0m] Started /etc/rc.local Compatibility.
[   18.841891] cloud-init[975]: |. ..o =.o. + o   |
[   18.880744] cloud-init[975]: |  .oEO.O.o= B    |
[   18.894179] cloud-init[975]: |  ..ooB.S..+ +   |
[   18.905237] cloud-init[975]: |   ...o+..  o    |
[   18.915861] cloud-init[975]: |   o..o.   .     |
[   18.940884] cloud-init[975]: |   .o..   .      |
[[0;32m  OK  [0m] Started LSB: Record successful boot for GRUB.
[   18.976603] cloud-init[975]: |    o+....       |
[   18.996791] cloud-init[975]: +----[SHA256]-----+
[[0;32m  OK  [0m] Started Login Service.
[   19.001871] cloud-init[975]: Generating public/private ecdsa key pair.
[   19.032717] cloud-init[975]: Your identification has been saved in /etc/ssh/ssh_host_ecdsa_key.
[   19.038803] cloud-init[975]: Your public key has been saved in /etc/ssh/ssh_host_ecdsa_key.pub.         Starting Authenticate and Authorize Users to Run Privileged Tasks...

[   19.110959]          cloud-initStarting Login to default iSCSI targets...[975]: 
The key fingerprint is:
[[0;32m  OK  [0m] Started LSB: MD monitoring daemon.
[[0;32m  OK  [0m] Started Virtualbox guest utils.
[[0;32m  OK  [0m] Started LXD - container startup/shutdown.
[[0;32m  OK  [0m] Started Snappy daemon.
[   19.199405] cloud-init[[975]: [0;32m  OK  [0mSHA256:y73gDGIDA3xOYg1rSkQEwhZWysQW9Gq5N/N1bEUT8DE root@ubuntu-xenial] 
Started Authenticate and Authorize Users to Run Privileged Tasks.
[   19.288492] [[0;32m  OK  [0m] Started Accounts Service.
cloud-init[975]: The key's randomart image is:
[   19.302076] cloud-init[975]: +---[ECDSA 256]---+
[   19.305324] cloud-init[975]: |X@+.     ..E     |
         Starting Wait until snapd is fully seeded...
[   19.327144] cloud-init[975]: |B=*       . +    |
[   19.350018] cloud-init[975]: |+X =       +     |
[   19.396778] [[0;32m  OK  [0m] Started Pollinate to seed the pseudo random number generator.
[[0;32m  OK  [0m] Started Login to default iSCSI targets.
cloud-init[975]: |=.B       . .    |
[   19.441283] [[0;32m  OK  [0m] Reached target Remote File Systems (Pre).
[[0;32m  OK  [0m] Reached target Remote File Systems.
cloud-init[975]: |.+o.    S  .     |
[   19.462218] cloud-init[975]: |. .o   ..o.      |
         Starting LSB: daemon to balance interrupts for SMP systems...
         Starting Permit User Sessions...
[   19.488548] cloud-init         Starting LSB: Set the CPU Frequency Scaling governor to "ondemand"...
         Starting LSB: automatic crash report generation...
         Starting OpenBSD Secure Shell server...
[975]: | . ++ ..++.      |
[[0;32m  OK  [0m] Started Permit User Sessions.
[   19.579556] [cloud-init[0;32m  OK  [0m[975]: ] |  ..+o.+o. .     |Started OpenBSD Secure Shell server.

[   19.696534]          cloud-initStarting Hold until boot process finishes up...[975]: 
|     .  o .      |
[   19.718118]          cloud-initStarting Terminate Plymouth Boot Screen...[975]: 
+----[SHA256]-----+
[   19.719373] cloud-init[975]: Generating public/private ed25519 key pair.
[[0;32m  OK  [0m] Started LSB: daemon to balance interrupts for SMP systems.
[[0;32m  OK  [0m] Started LSB: Set the CPU Frequency Scaling governor to "ondemand".
[[0;32m  OK  [0m] Started LSB: automatic crash report generation.
[[0;32m  OK  [0m] Started Hold until boot process finishes up.
[[0;32m  OK  [0m] Started Terminate Plymouth Boot Screen.
[   19.750309] cloud-init[975]: Your identification has been saved in /etc/ssh/ssh_host_ed25519_key.
[   19.779580] cloud-init[975]: Your public key has been saved in /etc/ssh/ssh_host_ed25519_key.pub.
[   19.848607]          Starting Set console scheme...
cloud-init[975]: The key fingerprint is:
[   19.888488] [cloud-init[0;32m  OK  [0m[975]: ] SHA256:VnQLQi7y59ufphw7JzUj6PAHSZ4hxyZSSOiAUWRrfNc root@ubuntu-xenialStarted Getty on tty1.

[   19.889303] cloud-init[975]: The key's randomart image is:
[   20.012876] [cloud-init[0;32m  OK  [0m[975]: ] +--[ED25519 256]--+Started Serial Getty on ttyS0.

[[0;32m  OK  [0m] Reached target Login Prompts.
[[0;32m  OK  [0m] Started Wait until snapd is fully seeded.
[[0;32m  OK  [0m] Started Set console scheme.
[   20.013735] cloud-init[975]: |o++o.. .o o .    |
[   20.126736] [[0;32m  OK  [0m] Reached target Multi-User System.
[[0;32m  OK  [0m] Reached target Graphical Interface.
cloud-init[975]: |oo... .o o o .   |
         Starting Update UTMP about System Runlevel Changes...
[   20.206266] cloud-init[975]: | o+ o.o.E . .    |
[   20.228683] [cloud-init[0;32m  OK  [0m[975]: ] | ....+o.*.       |Started Update UTMP about System Runlevel Changes.

[   20.230046] cloud-init[975]: |     ..BS=       |
[   20.289984] cloud-init[975]: |      .+* . +    |
[   20.308437] cloud-init[975]: |       +...o o   |
[   20.312504] cloud-init[975]: |        o++oo.   |
[   20.372404] cloud-init[975]: |        ..=Bo    |
[   20.405992] cloud-init[975]: +----[SHA256]-----+
[   20.415613] cloud-init[1085]: Generating locales (this might take a while)...
[   20.929880] cloud-init[1085]:   en_US.UTF-8... done
[   20.947265] cloud-init[1085]: Generation complete.
[   21.558092] cloud-init[1085]: Cloud-init v. 18.2 running 'modules:config' at Tue, 24 Jul 2018 00:31:17 +0000. Up 19.33 seconds.
[[0;32m  OK  [0m] Started Apply the settings specified in cloud-config.
         Starting Execute cloud user/final scripts...
ci-info: no authorized ssh keys fingerprints found for user ubuntu.
<14>Jul 24 00:31:20 ec2: 
<14>Jul 24 00:31:20 ec2: #############################################################
<14>Jul 24 00:31:20 ec2: -----BEGIN SSH HOST KEY FINGERPRINTS-----
<14>Jul 24 00:31:20 ec2: 1024 SHA256:4SCHz7PFLYTm2YivL+RLhBEomcV73+J/FZO2YJ1Siig root@ubuntu-xenial (DSA)
<14>Jul 24 00:31:20 ec2: 256 SHA256:y73gDGIDA3xOYg1rSkQEwhZWysQW9Gq5N/N1bEUT8DE root@ubuntu-xenial (ECDSA)
<14>Jul 24 00:31:20 ec2: 256 SHA256:VnQLQi7y59ufphw7JzUj6PAHSZ4hxyZSSOiAUWRrfNc root@ubuntu-xenial (ED25519)
<14>Jul 24 00:31:20 ec2: 2048 SHA256:1ebza/GVkeksev4pHbp16pHCHZDai1vEg7/DmR64vNE root@ubuntu-xenial (RSA)
<14>Jul 24 00:31:20 ec2: -----END SSH HOST KEY FINGERPRINTS-----
<14>Jul 24 00:31:20 ec2: #############################################################
-----BEGIN SSH HOST KEY KEYS-----
ecdsa-sha2-nistp256 AAAAE2VjZHNhLXNoYTItbmlzdHAyNTYAAAAIbmlzdHAyNTYAAABBBBN6F2KE1ZsGd5kFbbQahYXkgGU0uw7u7bZ5VVAV5DXH4r8dAuS1ds53xU4J8d8jaULKfpt4DjiWQQN7NKo752g= root@ubuntu-xenial
ssh-ed25519 AAAAC3NzaC1lZDI1NTE5AAAAID5wSQpxKhyGLDB+DRYiwAACxBBHR/xK4CDuE2JZITUb root@ubuntu-xenial
ssh-rsa AAAAB3NzaC1yc2EAAAADAQABAAABAQC5Ayb743Cju0pKtinUVW+81ZFMT7SG33RC2ox2+7whslq0WQlvXdfooshBPpxdfhSS0ySWZV6jDjNRRFdIaO/2z25Fpgdio6tN6Q7ntdJNSLJndUi5Z00h8HhHVfGYqL/fAmIf9ipQBhlDIDtZstGOXP6t6VzQvq+YhU4crMbuL+ZuqKCLLCLw86e8CTaDUopVW7b0yR7jP7Ouw+PzubmpPD3ExtsqqkyVSF2H100XussaPP4yK4uGwJ1dx70hfm0aF68lmCtk5hCNySOx34Q+Fz0TPZSoWyHWkLanZ7/qrZ2zvC+QFYpNet9699eB2wWiswAl7gYWt6USZfc54M4/ root@ubuntu-xenial
-----END SSH HOST KEY KEYS-----
[   22.640150] cloud-init[1335]: Cloud-init v. 18.2 running 'modules:final' at Tue, 24 Jul 2018 00:31:20 +0000. Up 22.00 seconds.
[   22.651807] cloud-init[1335]: ci-info: no authorized ssh keys fingerprints found for user ubuntu.
[   22.658289] cloud-init[1335]: Cloud-init v. 18.2 finished at Tue, 24 Jul 2018 00:31:21 +0000. Datasource DataSourceNoCloud [seed=/dev/sdb][dsmode=net].  Up 22.61 seconds
[[0;32m  OK  [0m] Started Execute cloud user/final scripts.
[[0;32m  OK  [0m] Reached target Cloud-init target.

Ubuntu 16.04.4 LTS ubuntu-xenial ttyS0

ubuntu-xenial login: 